# JRE version: OpenJDK Runtime Environment (8.0_152-b06) (build 1.8.0_152-release-1136-b06)
# Java VM: OpenJDK 64-Bit Server VM (25.152-b06 mixed mode windows-amd64 compressed oops)
Heap:
 PSYoungGen      total 326144K, used 23299K [0x00000000e0000000, 0x00000000f7b00000, 0x0000000100000000)
  eden space 293888K, 7% used [0x00000000e0000000,0x00000000e16c0dc0,0x00000000f1f00000)
  from space 32256K, 0% used [0x00000000f1f00000,0x00000000f1f00000,0x00000000f3e80000)
  to   space 33280K, 0% used [0x00000000f5a80000,0x00000000f5a80000,0x00000000f7b00000)
 ParOldGen       total 222208K, used 75226K [0x00000000a0000000, 0x00000000ad900000, 0x00000000e0000000)
  object space 222208K, 33% used [0x00000000a0000000,0x00000000a4976bb0,0x00000000ad900000)
 Metaspace       used 94989K, capacity 100602K, committed 100940K, reserved 1136640K
  class space    used 12172K, capacity 13355K, committed 13440K, reserved 1048576K
GC Heap History (10 events):
Event: 462.616 GC heap before
{Heap before GC invocations=21 (full 3):
 PSYoungGen      total 336896K, used 321303K [0x00000000e0000000, 0x00000000f7880000, 0x0000000100000000)
  eden space 307712K, 100% used [0x00000000e0000000,0x00000000f2c80000,0x00000000f2c80000)
  from space 29184K, 46% used [0x00000000f2c80000,0x00000000f39c5dc8,0x00000000f4900000)
  to   space 27648K, 0% used [0x00000000f5d80000,0x00000000f5d80000,0x00000000f7880000)
 ParOldGen       total 141824K, used 63329K [0x00000000a0000000, 0x00000000a8a80000, 0x00000000e0000000)
  object space 141824K, 44% used [0x00000000a0000000,0x00000000a3dd86c0,0x00000000a8a80000)
 Metaspace       used 78697K, capacity 83493K, committed 83712K, reserved 1122304K
  class space    used 10178K, capacity 11242K, committed 11264K, reserved 1048576K
Event: 462.632 GC heap after
Heap after GC invocations=21 (full 3):
 PSYoungGen      total 309248K, used 12419K [0x00000000e0000000, 0x00000000f6a00000, 0x0000000100000000)
  eden space 296448K, 0% used [0x00000000e0000000,0x00000000e0000000,0x00000000f2180000)
  from space 12800K, 97% used [0x00000000f5d80000,0x00000000f69a0e08,0x00000000f6a00000)
  to   space 26624K, 0% used [0x00000000f3600000,0x00000000f3600000,0x00000000f5000000)
 ParOldGen       total 141824K, used 63337K [0x00000000a0000000, 0x00000000a8a80000, 0x00000000e0000000)
  object space 141824K, 44% used [0x00000000a0000000,0x00000000a3dda6c0,0x00000000a8a80000)
 Metaspace       used 78697K, capacity 83493K, committed 83712K, reserved 1122304K
  class space    used 10178K, capacity 11242K, committed 11264K, reserved 1048576K
}
Event: 474.153 GC heap before
{Heap before GC invocations=22 (full 3):
 PSYoungGen      total 309248K, used 308867K [0x00000000e0000000, 0x00000000f6a00000, 0x0000000100000000)
  eden space 296448K, 100% used [0x00000000e0000000,0x00000000f2180000,0x00000000f2180000)
  from space 12800K, 97% used [0x00000000f5d80000,0x00000000f69a0e08,0x00000000f6a00000)
  to   space 26624K, 0% used [0x00000000f3600000,0x00000000f3600000,0x00000000f5000000)
 ParOldGen       total 141824K, used 63337K [0x00000000a0000000, 0x00000000a8a80000, 0x00000000e0000000)
  object space 141824K, 44% used [0x00000000a0000000,0x00000000a3dda6c0,0x00000000a8a80000)
 Metaspace       used 79220K, capacity 84279K, committed 84352K, reserved 1122304K
  class space    used 10230K, capacity 11329K, committed 11392K, reserved 1048576K
Event: 474.175 GC heap after
Heap after GC invocations=22 (full 3):
 PSYoungGen      total 303104K, used 17146K [0x00000000e0000000, 0x00000000f5e00000, 0x0000000100000000)
  eden space 285696K, 0% used [0x00000000e0000000,0x00000000e0000000,0x00000000f1700000)
  from space 17408K, 98% used [0x00000000f3600000,0x00000000f46bebe8,0x00000000f4700000)
  to   space 23552K, 0% used [0x00000000f4700000,0x00000000f4700000,0x00000000f5e00000)
 ParOldGen       total 141824K, used 63345K [0x00000000a0000000, 0x00000000a8a80000, 0x00000000e0000000)
  object space 141824K, 44% used [0x00000000a0000000,0x00000000a3ddc6c0,0x00000000a8a80000)
 Metaspace       used 79220K, capacity 84279K, committed 84352K, reserved 1122304K
  class space    used 10230K, capacity 11329K, committed 11392K, reserved 1048576K
}
Event: 493.362 GC heap before
{Heap before GC invocations=23 (full 3):
 PSYoungGen      total 303104K, used 302842K [0x00000000e0000000, 0x00000000f5e00000, 0x0000000100000000)
  eden space 285696K, 100% used [0x00000000e0000000,0x00000000f1700000,0x00000000f1700000)
  from space 17408K, 98% used [0x00000000f3600000,0x00000000f46bebe8,0x00000000f4700000)
  to   space 23552K, 0% used [0x00000000f4700000,0x00000000f4700000,0x00000000f5e00000)
 ParOldGen       total 141824K, used 63345K [0x00000000a0000000, 0x00000000a8a80000, 0x00000000e0000000)
  object space 141824K, 44% used [0x00000000a0000000,0x00000000a3ddc6c0,0x00000000a8a80000)
 Metaspace       used 89694K, capacity 95130K, committed 95360K, reserved 1132544K
  class space    used 11485K, capacity 12643K, committed 12672K, reserved 1048576K
Event: 493.404 GC heap after
Heap after GC invocations=23 (full 3):
 PSYoungGen      total 299008K, used 23530K [0x00000000e0000000, 0x00000000f5e00000, 0x0000000100000000)
  eden space 275456K, 0% used [0x00000000e0000000,0x00000000e0000000,0x00000000f0d00000)
  from space 23552K, 99% used [0x00000000f4700000,0x00000000f5dfab38,0x00000000f5e00000)
  to   space 32256K, 0% used [0x00000000f1f00000,0x00000000f1f00000,0x00000000f3e80000)
 ParOldGen       total 141824K, used 73085K [0x00000000a0000000, 0x00000000a8a80000, 0x00000000e0000000)
  object space 141824K, 51% used [0x00000000a0000000,0x00000000a475f4f8,0x00000000a8a80000)
 Metaspace       used 89694K, capacity 95130K, committed 95360K, reserved 1132544K
  class space    used 11485K, capacity 12643K, committed 12672K, reserved 1048576K
}
Event: 493.742 GC heap before
{Heap before GC invocations=24 (full 3):
 PSYoungGen      total 299008K, used 42155K [0x00000000e0000000, 0x00000000f5e00000, 0x0000000100000000)
  eden space 275456K, 6% used [0x00000000e0000000,0x00000000e1230290,0x00000000f0d00000)
  from space 23552K, 99% used [0x00000000f4700000,0x00000000f5dfab38,0x00000000f5e00000)
  to   space 32256K, 0% used [0x00000000f1f00000,0x00000000f1f00000,0x00000000f3e80000)
 ParOldGen       total 141824K, used 73085K [0x00000000a0000000, 0x00000000a8a80000, 0x00000000e0000000)
  object space 141824K, 51% used [0x00000000a0000000,0x00000000a475f4f8,0x00000000a8a80000)
 Metaspace       used 92689K, capacity 98284K, committed 98380K, reserved 1134592K
  class space    used 11919K, capacity 13118K, committed 13184K, reserved 1048576K
Event: 493.768 GC heap after
Heap after GC invocations=24 (full 3):
 PSYoungGen      total 326144K, used 22871K [0x00000000e0000000, 0x00000000f7b00000, 0x0000000100000000)
  eden space 293888K, 0% used [0x00000000e0000000,0x00000000e0000000,0x00000000f1f00000)
  from space 32256K, 70% used [0x00000000f1f00000,0x00000000f3555e60,0x00000000f3e80000)
  to   space 33280K, 0% used [0x00000000f5a80000,0x00000000f5a80000,0x00000000f7b00000)
 ParOldGen       total 141824K, used 78474K [0x00000000a0000000, 0x00000000a8a80000, 0x00000000e0000000)
  object space 141824K, 55% used [0x00000000a0000000,0x00000000a4ca2800,0x00000000a8a80000)
 Metaspace       used 92689K, capacity 98284K, committed 98380K, reserved 1134592K
  class space    used 11919K, capacity 13118K, committed 13184K, reserved 1048576K
}
Event: 493.768 GC heap before
{Heap before GC invocations=25 (full 4):
 PSYoungGen      total 326144K, used 22871K [0x00000000e0000000, 0x00000000f7b00000, 0x0000000100000000)
  eden space 293888K, 0% used [0x00000000e0000000,0x00000000e0000000,0x00000000f1f00000)
  from space 32256K, 70% used [0x00000000f1f00000,0x00000000f3555e60,0x00000000f3e80000)
  to   space 33280K, 0% used [0x00000000f5a80000,0x00000000f5a80000,0x00000000f7b00000)
 ParOldGen       total 141824K, used 78474K [0x00000000a0000000, 0x00000000a8a80000, 0x00000000e0000000)
  object space 141824K, 55% used [0x00000000a0000000,0x00000000a4ca2800,0x00000000a8a80000)
 Metaspace       used 92689K, capacity 98284K, committed 98380K, reserved 1134592K
  class space    used 11919K, capacity 13118K, committed 13184K, reserved 1048576K
Event: 494.066 GC heap after
Heap after GC invocations=25 (full 4):
 PSYoungGen      total 326144K, used 0K [0x00000000e0000000, 0x00000000f7b00000, 0x0000000100000000)
  eden space 293888K, 0% used [0x00000000e0000000,0x00000000e0000000,0x00000000f1f00000)
  from space 32256K, 0% used [0x00000000f1f00000,0x00000000f1f00000,0x00000000f3e80000)
  to   space 33280K, 0% used [0x00000000f5a80000,0x00000000f5a80000,0x00000000f7b00000)
 ParOldGen       total 222208K, used 75226K [0x00000000a0000000, 0x00000000ad900000, 0x00000000e0000000)
  object space 222208K, 33% used [0x00000000a0000000,0x00000000a4976bb0,0x00000000ad900000)
 Metaspace       used 92527K, capacity 97922K, committed 98380K, reserved 1134592K
  class space    used 11860K, capacity 13015K, committed 13184K, reserved 1048576K
}

