# JRE version: OpenJDK Runtime Environment (8.0_152-b06) (build 1.8.0_152-release-1136-b06)
# Java VM: OpenJDK 64-Bit Server VM (25.152-b06 mixed mode windows-amd64 compressed oops)
Heap:
 PSYoungGen      total 37888K, used 8811K [0x00000000e0000000, 0x00000000e2a00000, 0x0000000100000000)
  eden space 32768K, 11% used [0x00000000e0000000,0x00000000e039dfb0,0x00000000e2000000)
  from space 5120K, 99% used [0x00000000e2000000,0x00000000e24fce78,0x00000000e2500000)
  to   space 5120K, 0% used [0x00000000e2500000,0x00000000e2500000,0x00000000e2a00000)
 ParOldGen       total 48640K, used 8625K [0x00000000a0000000, 0x00000000a2f80000, 0x00000000e0000000)
  object space 48640K, 17% used [0x00000000a0000000,0x00000000a086c700,0x00000000a2f80000)
 Metaspace       used 25786K, capacity 26240K, committed 26544K, reserved 1073152K
  class space    used 3275K, capacity 3444K, committed 3504K, reserved 1048576K
GC Heap History (10 events):
Event: 3.905 GC heap before
{Heap before GC invocations=3 (full 1):
 PSYoungGen      total 37888K, used 32768K [0x00000000e0000000, 0x00000000e2a00000, 0x0000000100000000)
  eden space 32768K, 100% used [0x00000000e0000000,0x00000000e2000000,0x00000000e2000000)
  from space 5120K, 0% used [0x00000000e2000000,0x00000000e2000000,0x00000000e2500000)
  to   space 5120K, 0% used [0x00000000e2500000,0x00000000e2500000,0x00000000e2a00000)
 ParOldGen       total 86016K, used 2694K [0x00000000a0000000, 0x00000000a5400000, 0x00000000e0000000)
  object space 86016K, 3% used [0x00000000a0000000,0x00000000a02a18a8,0x00000000a5400000)
 Metaspace       used 14035K, capacity 14296K, committed 14592K, reserved 1062912K
  class space    used 1613K, capacity 1698K, committed 1792K, reserved 1048576K
Event: 3.911 GC heap after
Heap after GC invocations=3 (full 1):
 PSYoungGen      total 37888K, used 5107K [0x00000000e0000000, 0x00000000e2a00000, 0x0000000100000000)
  eden space 32768K, 0% used [0x00000000e0000000,0x00000000e0000000,0x00000000e2000000)
  from space 5120K, 99% used [0x00000000e2500000,0x00000000e29fcdc0,0x00000000e2a00000)
  to   space 5120K, 0% used [0x00000000e2000000,0x00000000e2000000,0x00000000e2500000)
 ParOldGen       total 86016K, used 4864K [0x00000000a0000000, 0x00000000a5400000, 0x00000000e0000000)
  object space 86016K, 5% used [0x00000000a0000000,0x00000000a04c0360,0x00000000a5400000)
 Metaspace       used 14035K, capacity 14296K, committed 14592K, reserved 1062912K
  class space    used 1613K, capacity 1698K, committed 1792K, reserved 1048576K
}
Event: 4.360 GC heap before
{Heap before GC invocations=4 (full 1):
 PSYoungGen      total 37888K, used 37875K [0x00000000e0000000, 0x00000000e2a00000, 0x0000000100000000)
  eden space 32768K, 100% used [0x00000000e0000000,0x00000000e2000000,0x00000000e2000000)
  from space 5120K, 99% used [0x00000000e2500000,0x00000000e29fcdc0,0x00000000e2a00000)
  to   space 5120K, 0% used [0x00000000e2000000,0x00000000e2000000,0x00000000e2500000)
 ParOldGen       total 86016K, used 4864K [0x00000000a0000000, 0x00000000a5400000, 0x00000000e0000000)
  object space 86016K, 5% used [0x00000000a0000000,0x00000000a04c0360,0x00000000a5400000)
 Metaspace       used 20678K, capacity 21012K, committed 21296K, reserved 1069056K
  class space    used 2474K, capacity 2582K, committed 2608K, reserved 1048576K
Event: 4.368 GC heap after
Heap after GC invocations=4 (full 1):
 PSYoungGen      total 37888K, used 5112K [0x00000000e0000000, 0x00000000e2a00000, 0x0000000100000000)
  eden space 32768K, 0% used [0x00000000e0000000,0x00000000e0000000,0x00000000e2000000)
  from space 5120K, 99% used [0x00000000e2000000,0x00000000e24fe170,0x00000000e2500000)
  to   space 5120K, 0% used [0x00000000e2500000,0x00000000e2500000,0x00000000e2a00000)
 ParOldGen       total 86016K, used 10176K [0x00000000a0000000, 0x00000000a5400000, 0x00000000e0000000)
  object space 86016K, 11% used [0x00000000a0000000,0x00000000a09f0290,0x00000000a5400000)
 Metaspace       used 20678K, capacity 21012K, committed 21296K, reserved 1069056K
  class space    used 2474K, capacity 2582K, committed 2608K, reserved 1048576K
}
Event: 4.380 GC heap before
{Heap before GC invocations=5 (full 1):
 PSYoungGen      total 37888K, used 6080K [0x00000000e0000000, 0x00000000e2a00000, 0x0000000100000000)
  eden space 32768K, 2% used [0x00000000e0000000,0x00000000e00f21c0,0x00000000e2000000)
  from space 5120K, 99% used [0x00000000e2000000,0x00000000e24fe170,0x00000000e2500000)
  to   space 5120K, 0% used [0x00000000e2500000,0x00000000e2500000,0x00000000e2a00000)
 ParOldGen       total 86016K, used 10176K [0x00000000a0000000, 0x00000000a5400000, 0x00000000e0000000)
  object space 86016K, 11% used [0x00000000a0000000,0x00000000a09f0290,0x00000000a5400000)
 Metaspace       used 20857K, capacity 21140K, committed 21296K, reserved 1069056K
  class space    used 2498K, capacity 2582K, committed 2608K, reserved 1048576K
Event: 4.386 GC heap after
Heap after GC invocations=5 (full 1):
 PSYoungGen      total 37888K, used 5112K [0x00000000e0000000, 0x00000000e2a00000, 0x0000000100000000)
  eden space 32768K, 0% used [0x00000000e0000000,0x00000000e0000000,0x00000000e2000000)
  from space 5120K, 99% used [0x00000000e2500000,0x00000000e29fe190,0x00000000e2a00000)
  to   space 5120K, 0% used [0x00000000e2000000,0x00000000e2000000,0x00000000e2500000)
 ParOldGen       total 86016K, used 10331K [0x00000000a0000000, 0x00000000a5400000, 0x00000000e0000000)
  object space 86016K, 12% used [0x00000000a0000000,0x00000000a0a16d88,0x00000000a5400000)
 Metaspace       used 20857K, capacity 21140K, committed 21296K, reserved 1069056K
  class space    used 2498K, capacity 2582K, committed 2608K, reserved 1048576K
}
Event: 4.386 GC heap before
{Heap before GC invocations=6 (full 2):
 PSYoungGen      total 37888K, used 5112K [0x00000000e0000000, 0x00000000e2a00000, 0x0000000100000000)
  eden space 32768K, 0% used [0x00000000e0000000,0x00000000e0000000,0x00000000e2000000)
  from space 5120K, 99% used [0x00000000e2500000,0x00000000e29fe190,0x00000000e2a00000)
  to   space 5120K, 0% used [0x00000000e2000000,0x00000000e2000000,0x00000000e2500000)
 ParOldGen       total 86016K, used 10331K [0x00000000a0000000, 0x00000000a5400000, 0x00000000e0000000)
  object space 86016K, 12% used [0x00000000a0000000,0x00000000a0a16d88,0x00000000a5400000)
 Metaspace       used 20857K, capacity 21140K, committed 21296K, reserved 1069056K
  class space    used 2498K, capacity 2582K, committed 2608K, reserved 1048576K
Event: 4.416 GC heap after
Heap after GC invocations=6 (full 2):
 PSYoungGen      total 37888K, used 0K [0x00000000e0000000, 0x00000000e2a00000, 0x0000000100000000)
  eden space 32768K, 0% used [0x00000000e0000000,0x00000000e0000000,0x00000000e2000000)
  from space 5120K, 0% used [0x00000000e2500000,0x00000000e2500000,0x00000000e2a00000)
  to   space 5120K, 0% used [0x00000000e2000000,0x00000000e2000000,0x00000000e2500000)
 ParOldGen       total 48640K, used 6828K [0x00000000a0000000, 0x00000000a2f80000, 0x00000000e0000000)
  object space 48640K, 14% used [0x00000000a0000000,0x00000000a06ab330,0x00000000a2f80000)
 Metaspace       used 20857K, capacity 21140K, committed 21296K, reserved 1069056K
  class space    used 2498K, capacity 2582K, committed 2608K, reserved 1048576K
}
Event: 4.951 GC heap before
{Heap before GC invocations=7 (full 2):
 PSYoungGen      total 37888K, used 32768K [0x00000000e0000000, 0x00000000e2a00000, 0x0000000100000000)
  eden space 32768K, 100% used [0x00000000e0000000,0x00000000e2000000,0x00000000e2000000)
  from space 5120K, 0% used [0x00000000e2500000,0x00000000e2500000,0x00000000e2a00000)
  to   space 5120K, 0% used [0x00000000e2000000,0x00000000e2000000,0x00000000e2500000)
 ParOldGen       total 48640K, used 6828K [0x00000000a0000000, 0x00000000a2f80000, 0x00000000e0000000)
  object space 48640K, 14% used [0x00000000a0000000,0x00000000a06ab330,0x00000000a2f80000)
 Metaspace       used 25786K, capacity 26240K, committed 26544K, reserved 1073152K
  class space    used 3275K, capacity 3444K, committed 3504K, reserved 1048576K
Event: 4.961 GC heap after
Heap after GC invocations=7 (full 2):
 PSYoungGen      total 37888K, used 5107K [0x00000000e0000000, 0x00000000e2a00000, 0x0000000100000000)
  eden space 32768K, 0% used [0x00000000e0000000,0x00000000e0000000,0x00000000e2000000)
  from space 5120K, 99% used [0x00000000e2000000,0x00000000e24fce78,0x00000000e2500000)
  to   space 5120K, 0% used [0x00000000e2500000,0x00000000e2500000,0x00000000e2a00000)
 ParOldGen       total 48640K, used 8625K [0x00000000a0000000, 0x00000000a2f80000, 0x00000000e0000000)
  object space 48640K, 17% used [0x00000000a0000000,0x00000000a086c700,0x00000000a2f80000)
 Metaspace       used 25786K, capacity 26240K, committed 26544K, reserved 1073152K
  class space    used 3275K, capacity 3444K, committed 3504K, reserved 1048576K
}

