# JRE version: OpenJDK Runtime Environment (8.0_152-b06) (build 1.8.0_152-release-1136-b06)
# Java VM: OpenJDK 64-Bit Server VM (25.152-b06 mixed mode windows-amd64 compressed oops)
Heap:
 PSYoungGen      total 83968K, used 54008K [0x00000000e0000000, 0x00000000e6700000, 0x0000000100000000)
  eden space 73728K, 59% used [0x00000000e0000000,0x00000000e2b07d10,0x00000000e4800000)
  from space 10240K, 97% used [0x00000000e5d00000,0x00000000e66b6428,0x00000000e6700000)
  to   space 14848K, 0% used [0x00000000e4a00000,0x00000000e4a00000,0x00000000e5880000)
 ParOldGen       total 54272K, used 18789K [0x00000000a0000000, 0x00000000a3500000, 0x00000000e0000000)
  object space 54272K, 34% used [0x00000000a0000000,0x00000000a12597d8,0x00000000a3500000)
 Metaspace       used 41532K, capacity 42184K, committed 42536K, reserved 1087488K
  class space    used 5114K, capacity 5305K, committed 5424K, reserved 1048576K
GC Heap History (10 events):
Event: 6.226 GC heap before
{Heap before GC invocations=7 (full 2):
 PSYoungGen      total 37888K, used 32768K [0x00000000e0000000, 0x00000000e4a00000, 0x0000000100000000)
  eden space 32768K, 100% used [0x00000000e0000000,0x00000000e2000000,0x00000000e2000000)
  from space 5120K, 0% used [0x00000000e2500000,0x00000000e2500000,0x00000000e2a00000)
  to   space 5120K, 0% used [0x00000000e2000000,0x00000000e2000000,0x00000000e2500000)
 ParOldGen       total 54272K, used 6759K [0x00000000a0000000, 0x00000000a3500000, 0x00000000e0000000)
  object space 54272K, 12% used [0x00000000a0000000,0x00000000a0699c70,0x00000000a3500000)
 Metaspace       used 25771K, capacity 26240K, committed 26544K, reserved 1073152K
  class space    used 3273K, capacity 3444K, committed 3504K, reserved 1048576K
Event: 6.231 GC heap after
Heap after GC invocations=7 (full 2):
 PSYoungGen      total 37888K, used 5089K [0x00000000e0000000, 0x00000000e4100000, 0x0000000100000000)
  eden space 32768K, 0% used [0x00000000e0000000,0x00000000e0000000,0x00000000e2000000)
  from space 5120K, 99% used [0x00000000e2000000,0x00000000e24f8418,0x00000000e2500000)
  to   space 5120K, 0% used [0x00000000e3c00000,0x00000000e3c00000,0x00000000e4100000)
 ParOldGen       total 54272K, used 8860K [0x00000000a0000000, 0x00000000a3500000, 0x00000000e0000000)
  object space 54272K, 16% used [0x00000000a0000000,0x00000000a08a7048,0x00000000a3500000)
 Metaspace       used 25771K, capacity 26240K, committed 26544K, reserved 1073152K
  class space    used 3273K, capacity 3444K, committed 3504K, reserved 1048576K
}
Event: 6.729 GC heap before
{Heap before GC invocations=8 (full 2):
 PSYoungGen      total 37888K, used 37857K [0x00000000e0000000, 0x00000000e4100000, 0x0000000100000000)
  eden space 32768K, 100% used [0x00000000e0000000,0x00000000e2000000,0x00000000e2000000)
  from space 5120K, 99% used [0x00000000e2000000,0x00000000e24f8418,0x00000000e2500000)
  to   space 5120K, 0% used [0x00000000e3c00000,0x00000000e3c00000,0x00000000e4100000)
 ParOldGen       total 54272K, used 8860K [0x00000000a0000000, 0x00000000a3500000, 0x00000000e0000000)
  object space 54272K, 16% used [0x00000000a0000000,0x00000000a08a7048,0x00000000a3500000)
 Metaspace       used 30478K, capacity 30949K, committed 31408K, reserved 1077248K
  class space    used 3822K, capacity 3963K, committed 4016K, reserved 1048576K
Event: 6.740 GC heap after
Heap after GC invocations=8 (full 2):
 PSYoungGen      total 52736K, used 5106K [0x00000000e0000000, 0x00000000e5180000, 0x0000000100000000)
  eden space 47616K, 0% used [0x00000000e0000000,0x00000000e0000000,0x00000000e2e80000)
  from space 5120K, 99% used [0x00000000e3c00000,0x00000000e40fcb28,0x00000000e4100000)
  to   space 13824K, 0% used [0x00000000e2e80000,0x00000000e2e80000,0x00000000e3c00000)
 ParOldGen       total 54272K, used 15435K [0x00000000a0000000, 0x00000000a3500000, 0x00000000e0000000)
  object space 54272K, 28% used [0x00000000a0000000,0x00000000a0f12cd8,0x00000000a3500000)
 Metaspace       used 30478K, capacity 30949K, committed 31408K, reserved 1077248K
  class space    used 3822K, capacity 3963K, committed 4016K, reserved 1048576K
}
Event: 7.218 GC heap before
{Heap before GC invocations=9 (full 2):
 PSYoungGen      total 52736K, used 31122K [0x00000000e0000000, 0x00000000e5180000, 0x0000000100000000)
  eden space 47616K, 54% used [0x00000000e0000000,0x00000000e1967d80,0x00000000e2e80000)
  from space 5120K, 99% used [0x00000000e3c00000,0x00000000e40fcb28,0x00000000e4100000)
  to   space 13824K, 0% used [0x00000000e2e80000,0x00000000e2e80000,0x00000000e3c00000)
 ParOldGen       total 54272K, used 15435K [0x00000000a0000000, 0x00000000a3500000, 0x00000000e0000000)
  object space 54272K, 28% used [0x00000000a0000000,0x00000000a0f12cd8,0x00000000a3500000)
 Metaspace       used 34689K, capacity 35183K, committed 35496K, reserved 1081344K
  class space    used 4362K, capacity 4514K, committed 4528K, reserved 1048576K
Event: 7.227 GC heap after
Heap after GC invocations=9 (full 2):
 PSYoungGen      total 61440K, used 11656K [0x00000000e0000000, 0x00000000e6b80000, 0x0000000100000000)
  eden space 47616K, 0% used [0x00000000e0000000,0x00000000e0000000,0x00000000e2e80000)
  from space 13824K, 84% used [0x00000000e2e80000,0x00000000e39e22e8,0x00000000e3c00000)
  to   space 14848K, 0% used [0x00000000e5d00000,0x00000000e5d00000,0x00000000e6b80000)
 ParOldGen       total 54272K, used 15457K [0x00000000a0000000, 0x00000000a3500000, 0x00000000e0000000)
  object space 54272K, 28% used [0x00000000a0000000,0x00000000a0f18568,0x00000000a3500000)
 Metaspace       used 34689K, capacity 35183K, committed 35496K, reserved 1081344K
  class space    used 4362K, capacity 4514K, committed 4528K, reserved 1048576K
}
Event: 7.227 GC heap before
{Heap before GC invocations=10 (full 3):
 PSYoungGen      total 61440K, used 11656K [0x00000000e0000000, 0x00000000e6b80000, 0x0000000100000000)
  eden space 47616K, 0% used [0x00000000e0000000,0x00000000e0000000,0x00000000e2e80000)
  from space 13824K, 84% used [0x00000000e2e80000,0x00000000e39e22e8,0x00000000e3c00000)
  to   space 14848K, 0% used [0x00000000e5d00000,0x00000000e5d00000,0x00000000e6b80000)
 ParOldGen       total 54272K, used 15457K [0x00000000a0000000, 0x00000000a3500000, 0x00000000e0000000)
  object space 54272K, 28% used [0x00000000a0000000,0x00000000a0f18568,0x00000000a3500000)
 Metaspace       used 34689K, capacity 35183K, committed 35496K, reserved 1081344K
  class space    used 4362K, capacity 4514K, committed 4528K, reserved 1048576K
Event: 7.319 GC heap after
Heap after GC invocations=10 (full 3):
 PSYoungGen      total 61440K, used 0K [0x00000000e0000000, 0x00000000e6b80000, 0x0000000100000000)
  eden space 47616K, 0% used [0x00000000e0000000,0x00000000e0000000,0x00000000e2e80000)
  from space 13824K, 0% used [0x00000000e2e80000,0x00000000e2e80000,0x00000000e3c00000)
  to   space 14848K, 0% used [0x00000000e5d00000,0x00000000e5d00000,0x00000000e6b80000)
 ParOldGen       total 54272K, used 18781K [0x00000000a0000000, 0x00000000a3500000, 0x00000000e0000000)
  object space 54272K, 34% used [0x00000000a0000000,0x00000000a12577d8,0x00000000a3500000)
 Metaspace       used 34689K, capacity 35183K, committed 35496K, reserved 1081344K
  class space    used 4362K, capacity 4514K, committed 4528K, reserved 1048576K
}
Event: 7.899 GC heap before
{Heap before GC invocations=11 (full 3):
 PSYoungGen      total 61440K, used 47616K [0x00000000e0000000, 0x00000000e6b80000, 0x0000000100000000)
  eden space 47616K, 100% used [0x00000000e0000000,0x00000000e2e80000,0x00000000e2e80000)
  from space 13824K, 0% used [0x00000000e2e80000,0x00000000e2e80000,0x00000000e3c00000)
  to   space 14848K, 0% used [0x00000000e5d00000,0x00000000e5d00000,0x00000000e6b80000)
 ParOldGen       total 54272K, used 18781K [0x00000000a0000000, 0x00000000a3500000, 0x00000000e0000000)
  object space 54272K, 34% used [0x00000000a0000000,0x00000000a12577d8,0x00000000a3500000)
 Metaspace       used 38598K, capacity 39169K, committed 39592K, reserved 1083392K
  class space    used 4836K, capacity 5019K, committed 5040K, reserved 1048576K
Event: 7.910 GC heap after
Heap after GC invocations=11 (full 3):
 PSYoungGen      total 83968K, used 9945K [0x00000000e0000000, 0x00000000e6700000, 0x0000000100000000)
  eden space 73728K, 0% used [0x00000000e0000000,0x00000000e0000000,0x00000000e4800000)
  from space 10240K, 97% used [0x00000000e5d00000,0x00000000e66b6428,0x00000000e6700000)
  to   space 14848K, 0% used [0x00000000e4a00000,0x00000000e4a00000,0x00000000e5880000)
 ParOldGen       total 54272K, used 18789K [0x00000000a0000000, 0x00000000a3500000, 0x00000000e0000000)
  object space 54272K, 34% used [0x00000000a0000000,0x00000000a12597d8,0x00000000a3500000)
 Metaspace       used 38598K, capacity 39169K, committed 39592K, reserved 1083392K
  class space    used 4836K, capacity 5019K, committed 5040K, reserved 1048576K
}

