# JRE version: OpenJDK Runtime Environment (8.0_152-b06) (build 1.8.0_152-release-1136-b06)
# Java VM: OpenJDK 64-Bit Server VM (25.152-b06 mixed mode windows-amd64 compressed oops)
Heap:
 PSYoungGen      total 483328K, used 412715K [0x00000000e0000000, 0x0000000100000000, 0x0000000100000000)
  eden space 445952K, 86% used [0x00000000e0000000,0x00000000f786b060,0x00000000fb380000)
  from space 37376K, 72% used [0x00000000fb380000,0x00000000fce1fef0,0x00000000fd800000)
  to   space 40448K, 0% used [0x00000000fd880000,0x00000000fd880000,0x0000000100000000)
 ParOldGen       total 186880K, used 65526K [0x00000000a0000000, 0x00000000ab680000, 0x00000000e0000000)
  object space 186880K, 35% used [0x00000000a0000000,0x00000000a3ffd978,0x00000000ab680000)
 Metaspace       used 96753K, capacity 101578K, committed 101632K, reserved 1136640K
  class space    used 12481K, capacity 13538K, committed 13568K, reserved 1048576K
GC Heap History (10 events):
Event: 60.752 GC heap before
{Heap before GC invocations=19 (full 4):
 PSYoungGen      total 311808K, used 271247K [0x00000000e0000000, 0x00000000f7f80000, 0x0000000100000000)
  eden space 271872K, 99% used [0x00000000e0000000,0x00000000f08e3df8,0x00000000f0980000)
  from space 39936K, 0% used [0x00000000f3100000,0x00000000f3100000,0x00000000f5800000)
  to   space 40448K, 0% used [0x00000000f0980000,0x00000000f0980000,0x00000000f3100000)
 ParOldGen       total 186880K, used 58918K [0x00000000a0000000, 0x00000000ab680000, 0x00000000e0000000)
  object space 186880K, 31% used [0x00000000a0000000,0x00000000a3989868,0x00000000ab680000)
 Metaspace       used 79639K, capacity 82226K, committed 83456K, reserved 1122304K
  class space    used 10635K, capacity 11227K, committed 11520K, reserved 1048576K
Event: 60.754 GC heap after
Heap after GC invocations=19 (full 4):
 PSYoungGen      total 312320K, used 128K [0x00000000e0000000, 0x00000000fdb00000, 0x0000000100000000)
  eden space 271872K, 0% used [0x00000000e0000000,0x00000000e0000000,0x00000000f0980000)
  from space 40448K, 0% used [0x00000000f0980000,0x00000000f09a0000,0x00000000f3100000)
  to   space 40448K, 0% used [0x00000000fb380000,0x00000000fb380000,0x00000000fdb00000)
 ParOldGen       total 186880K, used 58918K [0x00000000a0000000, 0x00000000ab680000, 0x00000000e0000000)
  object space 186880K, 31% used [0x00000000a0000000,0x00000000a3989868,0x00000000ab680000)
 Metaspace       used 79639K, capacity 82226K, committed 83456K, reserved 1122304K
  class space    used 10635K, capacity 11227K, committed 11520K, reserved 1048576K
}
Event: 60.800 GC heap before
{Heap before GC invocations=20 (full 4):
 PSYoungGen      total 312320K, used 271199K [0x00000000e0000000, 0x00000000fdb00000, 0x0000000100000000)
  eden space 271872K, 99% used [0x00000000e0000000,0x00000000f08b7da8,0x00000000f0980000)
  from space 40448K, 0% used [0x00000000f0980000,0x00000000f09a0000,0x00000000f3100000)
  to   space 40448K, 0% used [0x00000000fb380000,0x00000000fb380000,0x00000000fdb00000)
 ParOldGen       total 186880K, used 58918K [0x00000000a0000000, 0x00000000ab680000, 0x00000000e0000000)
  object space 186880K, 31% used [0x00000000a0000000,0x00000000a3989868,0x00000000ab680000)
 Metaspace       used 79640K, capacity 82226K, committed 83456K, reserved 1122304K
  class space    used 10635K, capacity 11227K, committed 11520K, reserved 1048576K
Event: 60.802 GC heap after
Heap after GC invocations=20 (full 4):
 PSYoungGen      total 443904K, used 128K [0x00000000e0000000, 0x00000000fd980000, 0x0000000100000000)
  eden space 404992K, 0% used [0x00000000e0000000,0x00000000e0000000,0x00000000f8b80000)
  from space 38912K, 0% used [0x00000000fb380000,0x00000000fb3a0000,0x00000000fd980000)
  to   space 39936K, 0% used [0x00000000f8b80000,0x00000000f8b80000,0x00000000fb280000)
 ParOldGen       total 186880K, used 58950K [0x00000000a0000000, 0x00000000ab680000, 0x00000000e0000000)
  object space 186880K, 31% used [0x00000000a0000000,0x00000000a3991868,0x00000000ab680000)
 Metaspace       used 79640K, capacity 82226K, committed 83456K, reserved 1122304K
  class space    used 10635K, capacity 11227K, committed 11520K, reserved 1048576K
}
Event: 184.095 GC heap before
{Heap before GC invocations=21 (full 4):
 PSYoungGen      total 443904K, used 405120K [0x00000000e0000000, 0x00000000fd980000, 0x0000000100000000)
  eden space 404992K, 100% used [0x00000000e0000000,0x00000000f8b80000,0x00000000f8b80000)
  from space 38912K, 0% used [0x00000000fb380000,0x00000000fb3a0000,0x00000000fd980000)
  to   space 39936K, 0% used [0x00000000f8b80000,0x00000000f8b80000,0x00000000fb280000)
 ParOldGen       total 186880K, used 58950K [0x00000000a0000000, 0x00000000ab680000, 0x00000000e0000000)
  object space 186880K, 31% used [0x00000000a0000000,0x00000000a3991868,0x00000000ab680000)
 Metaspace       used 85439K, capacity 88512K, committed 88704K, reserved 1126400K
  class space    used 11144K, capacity 11842K, committed 11904K, reserved 1048576K
Event: 184.109 GC heap after
Heap after GC invocations=21 (full 4):
 PSYoungGen      total 444928K, used 10679K [0x00000000e0000000, 0x00000000ffd00000, 0x0000000100000000)
  eden space 404992K, 0% used [0x00000000e0000000,0x00000000e0000000,0x00000000f8b80000)
  from space 39936K, 26% used [0x00000000f8b80000,0x00000000f95eddb8,0x00000000fb280000)
  to   space 37888K, 0% used [0x00000000fd800000,0x00000000fd800000,0x00000000ffd00000)
 ParOldGen       total 186880K, used 58998K [0x00000000a0000000, 0x00000000ab680000, 0x00000000e0000000)
  object space 186880K, 31% used [0x00000000a0000000,0x00000000a399d868,0x00000000ab680000)
 Metaspace       used 85439K, capacity 88512K, committed 88704K, reserved 1126400K
  class space    used 11144K, capacity 11842K, committed 11904K, reserved 1048576K
}
Event: 231.137 GC heap before
{Heap before GC invocations=22 (full 4):
 PSYoungGen      total 444928K, used 415455K [0x00000000e0000000, 0x00000000ffd00000, 0x0000000100000000)
  eden space 404992K, 99% used [0x00000000e0000000,0x00000000f8b4a1f8,0x00000000f8b80000)
  from space 39936K, 26% used [0x00000000f8b80000,0x00000000f95eddb8,0x00000000fb280000)
  to   space 37888K, 0% used [0x00000000fd800000,0x00000000fd800000,0x00000000ffd00000)
 ParOldGen       total 186880K, used 58998K [0x00000000a0000000, 0x00000000ab680000, 0x00000000e0000000)
  object space 186880K, 31% used [0x00000000a0000000,0x00000000a399d868,0x00000000ab680000)
 Metaspace       used 86349K, capacity 89672K, committed 89728K, reserved 1126400K
  class space    used 11173K, capacity 11882K, committed 11904K, reserved 1048576K
Event: 231.155 GC heap after
Heap after GC invocations=22 (full 4):
 PSYoungGen      total 483840K, used 18116K [0x00000000e0000000, 0x00000000ffd00000, 0x0000000100000000)
  eden space 445952K, 0% used [0x00000000e0000000,0x00000000e0000000,0x00000000fb380000)
  from space 37888K, 47% used [0x00000000fd800000,0x00000000fe9b1228,0x00000000ffd00000)
  to   space 37376K, 0% used [0x00000000fb380000,0x00000000fb380000,0x00000000fd800000)
 ParOldGen       total 186880K, used 60262K [0x00000000a0000000, 0x00000000ab680000, 0x00000000e0000000)
  object space 186880K, 32% used [0x00000000a0000000,0x00000000a3ad9988,0x00000000ab680000)
 Metaspace       used 86349K, capacity 89672K, committed 89728K, reserved 1126400K
  class space    used 11173K, capacity 11882K, committed 11904K, reserved 1048576K
}
Event: 585.371 GC heap before
{Heap before GC invocations=23 (full 4):
 PSYoungGen      total 483840K, used 464068K [0x00000000e0000000, 0x00000000ffd00000, 0x0000000100000000)
  eden space 445952K, 100% used [0x00000000e0000000,0x00000000fb380000,0x00000000fb380000)
  from space 37888K, 47% used [0x00000000fd800000,0x00000000fe9b1228,0x00000000ffd00000)
  to   space 37376K, 0% used [0x00000000fb380000,0x00000000fb380000,0x00000000fd800000)
 ParOldGen       total 186880K, used 60262K [0x00000000a0000000, 0x00000000ab680000, 0x00000000e0000000)
  object space 186880K, 32% used [0x00000000a0000000,0x00000000a3ad9988,0x00000000ab680000)
 Metaspace       used 94421K, capacity 98690K, committed 98944K, reserved 1134592K
  class space    used 12272K, capacity 13180K, committed 13184K, reserved 1048576K
Event: 585.413 GC heap after
Heap after GC invocations=23 (full 4):
 PSYoungGen      total 483328K, used 27263K [0x00000000e0000000, 0x0000000100000000, 0x0000000100000000)
  eden space 445952K, 0% used [0x00000000e0000000,0x00000000e0000000,0x00000000fb380000)
  from space 37376K, 72% used [0x00000000fb380000,0x00000000fce1fef0,0x00000000fd800000)
  to   space 40448K, 0% used [0x00000000fd880000,0x00000000fd880000,0x0000000100000000)
 ParOldGen       total 186880K, used 65526K [0x00000000a0000000, 0x00000000ab680000, 0x00000000e0000000)
  object space 186880K, 35% used [0x00000000a0000000,0x00000000a3ffd978,0x00000000ab680000)
 Metaspace       used 94421K, capacity 98690K, committed 98944K, reserved 1134592K
  class space    used 12272K, capacity 13180K, committed 13184K, reserved 1048576K
}

